Using pre-set license
Built from '2020.3/staging' branch; Version is '2020.3.30f1 (1fb1bf06830e) revision 2077119'; Using compiler version '192528614'; Build Type 'Release'
OS: 'Windows 10  (10.0.19044) 64bit Core' Language: 'en' Physical Memory: 8102 MB
BatchMode: 1, IsHumanControllingUs: 0, StartBugReporterOnCrash: 0, Is64bit: 1, IsPro: 0

COMMAND LINE ARGUMENTS:
C:\Program Files\Unity\Hub\Editor\2020.3.30f1\Editor\Unity.exe
-adb2
-batchMode
-noUpm
-name
AssetImportWorker0
-projectPath
C:/Users/JOZA/Desktop/PT_3DGameProject
-logFile
Logs/AssetImportWorker0.log
-srvPort
50719
Successfully changed project path to: C:/Users/JOZA/Desktop/PT_3DGameProject
C:/Users/JOZA/Desktop/PT_3DGameProject
Using Asset Import Pipeline V2.
Refreshing native plugins compatible for Editor in 308.72 ms, found 2 plugins.
Preloading 0 native plugins for Editor in 0.00 ms.
Initialize engine version: 2020.3.30f1 (1fb1bf06830e)
[Subsystems] Discovering subsystems at path C:/Program Files/Unity/Hub/Editor/2020.3.30f1/Editor/Data/Resources/UnitySubsystems
[Subsystems] Discovering subsystems at path C:/Users/JOZA/Desktop/PT_3DGameProject/Assets
GfxDevice: creating device client; threaded=0
Direct3D:
    Version:  Direct3D 11.0 [level 11.0]
    Renderer: NVIDIA GeForce 920M (ID=0x1299)
    Vendor:   
    VRAM:     2009 MB
    Driver:   25.21.14.2545
Initialize mono
Mono path[0] = 'C:/Program Files/Unity/Hub/Editor/2020.3.30f1/Editor/Data/Managed'
Mono path[1] = 'C:/Program Files/Unity/Hub/Editor/2020.3.30f1/Editor/Data/MonoBleedingEdge/lib/mono/unityjit'
Mono config path = 'C:/Program Files/Unity/Hub/Editor/2020.3.30f1/Editor/Data/MonoBleedingEdge/etc'
Using monoOptions --debugger-agent=transport=dt_socket,embedding=1,server=y,suspend=n,address=127.0.0.1:56148
Begin MonoManager ReloadAssembly
Registering precompiled unity dll's ...
Register platform support module: C:/Program Files/Unity/Hub/Editor/2020.3.30f1/Editor/Data/PlaybackEngines/WindowsStandaloneSupport/UnityEditor.WindowsStandalone.Extensions.dll
Registered in 0.005340 seconds.
Native extension for WindowsStandalone target not found
Refreshing native plugins compatible for Editor in 195.64 ms, found 2 plugins.
Preloading 0 native plugins for Editor in 0.00 ms.
Mono: successfully reloaded assembly
- Completed reload, in  1.398 seconds
Domain Reload Profiling:
	ReloadAssembly (1398ms)
		BeginReloadAssembly (216ms)
			ExecutionOrderSort (0ms)
			DisableScriptedObjects (0ms)
			BackupInstance (0ms)
			ReleaseScriptingObjects (0ms)
			CreateAndSetChildDomain (4ms)
		EndReloadAssembly (1029ms)
			LoadAssemblies (210ms)
			RebuildTransferFunctionScriptingTraits (0ms)
			SetupTypeCache (290ms)
			ReleaseScriptCaches (0ms)
			RebuildScriptCaches (65ms)
			SetupLoadedEditorAssemblies (497ms)
				LogAssemblyErrors (0ms)
				InitializePlatformSupportModulesInManaged (10ms)
				SetLoadedEditorAssemblies (1ms)
				RefreshPlugins (196ms)
				BeforeProcessingInitializeOnLoad (27ms)
				ProcessInitializeOnLoadAttributes (203ms)
				ProcessInitializeOnLoadMethodAttributes (61ms)
				AfterProcessingInitializeOnLoad (0ms)
				EditorAssembliesLoaded (0ms)
			ExecutionOrderSort2 (0ms)
			AwakeInstancesAfterBackupRestoration (0ms)
Platform modules already initialized, skipping
Registering precompiled user dll's ...
Registered in 0.022725 seconds.
Begin MonoManager ReloadAssembly
Native extension for WindowsStandalone target not found
Refreshing native plugins compatible for Editor in 185.39 ms, found 2 plugins.
Preloading 0 native plugins for Editor in 0.00 ms.
Mono: successfully reloaded assembly
- Completed reload, in  3.470 seconds
Domain Reload Profiling:
	ReloadAssembly (3471ms)
		BeginReloadAssembly (285ms)
			ExecutionOrderSort (0ms)
			DisableScriptedObjects (8ms)
			BackupInstance (0ms)
			ReleaseScriptingObjects (0ms)
			CreateAndSetChildDomain (36ms)
		EndReloadAssembly (3052ms)
			LoadAssemblies (305ms)
			RebuildTransferFunctionScriptingTraits (0ms)
			SetupTypeCache (723ms)
			ReleaseScriptCaches (2ms)
			RebuildScriptCaches (222ms)
			SetupLoadedEditorAssemblies (1538ms)
				LogAssemblyErrors (0ms)
				InitializePlatformSupportModulesInManaged (11ms)
				SetLoadedEditorAssemblies (0ms)
				RefreshPlugins (186ms)
				BeforeProcessingInitializeOnLoad (228ms)
				ProcessInitializeOnLoadAttributes (638ms)
				ProcessInitializeOnLoadMethodAttributes (462ms)
				AfterProcessingInitializeOnLoad (13ms)
				EditorAssembliesLoaded (0ms)
			ExecutionOrderSort2 (0ms)
			AwakeInstancesAfterBackupRestoration (20ms)
Platform modules already initialized, skipping
========================================================================
Worker process is ready to serve import requests
Launched and connected shader compiler UnityShaderCompiler.exe after 0.11 seconds
D3D shader create error for vertex shader [0x80070057]
D3D shader create error for pixel shader [0x80070057]
D3D shader create error for vertex shader [0x80070057]
D3D shader create error for vertex shader [0x80070057]
D3D shader create error for vertex shader [0x80070057]
D3D shader create error for domain shader [0x80070057]
D3D shader create error for domain shader [0x80070057]
Refreshing native plugins compatible for Editor in 2.20 ms, found 2 plugins.
Preloading 0 native plugins for Editor in 0.00 ms.
Unloading 4387 Unused Serialized files (Serialized files now loaded: 0)
System memory in use before: 216.1 MB.
System memory in use after: 216.3 MB.

Unloading 20 unused Assets to reduce memory usage. Loaded Objects now: 4835.
Total: 6.922600 ms (FindLiveObjects: 0.408700 ms CreateObjectMapping: 0.329300 ms MarkObjects: 6.031200 ms  DeleteObjects: 0.151000 ms)

AssetImportParameters requested are different than current active one (requested -> active):
  custom:framework-win-MediaFoundation: 216162199b28c13a410421893ffa2e32 -> 
  custom:video-decoder-ogg-theora: a1e56fd34408186e4bbccfd4996cb3dc -> 
  custom:container-muxer-webm: aa71ff27fc2769a1b78a27578f13a17b -> 
  custom:container-demuxer-webm: 4f35f7cbe854078d1ac9338744f61a02 -> 
  custom:container-demuxer-ogg: 62fdf1f143b41e24485cea50d1cbac27 -> 
  custom:video-encoder-webm-vp8: eb34c28f22e8b96e1ab97ce403110664 -> 
  custom:video-decoder-webm-vp8: 9c59270c3fd7afecdb556c50c9e8de78 -> 
  custom:audio-decoder-ogg-vorbis: bf7c407c2cedff20999df2af8eb42d56 -> 
  custom:audio-encoder-webm-vorbis: bf7c407c2cedff20999df2af8eb42d56 -> 
========================================================================
Received Import Request.
  path: Assets/!Assets/Scenes/GameScene/Post-process Volume Profile 1.asset
  artifactKey: Guid(25859e68694761a48a3441dc8d26ca32) Importer(815301076,1909f56bfc062723c751e8b465ee728b)
Start importing Assets/!Assets/Scenes/GameScene/Post-process Volume Profile 1.asset using Guid(25859e68694761a48a3441dc8d26ca32) Importer(815301076,1909f56bfc062723c751e8b465ee728b)  -> (artifact id: '206822fe22cbc00bdeadf8f5da067192') in 0.093239 seconds 
========================================================================
Received Import Request.
  Time since last request: 272.362825 seconds.
  path: Assets/!Assets/Scenes/GameScene/Post-process Volume Profile 2.asset
  artifactKey: Guid(5a2a6d0b9744f464eb983631cf9d366d) Importer(815301076,1909f56bfc062723c751e8b465ee728b)
Start importing Assets/!Assets/Scenes/GameScene/Post-process Volume Profile 2.asset using Guid(5a2a6d0b9744f464eb983631cf9d366d) Importer(815301076,1909f56bfc062723c751e8b465ee728b)  -> (artifact id: '47d78a0e4411cc79d8b35f317d436711') in 0.055615 seconds 
========================================================================
Received Import Request.
  Time since last request: 3.285203 seconds.
  path: Packages/com.unity.render-pipelines.high-definition/Editor/RenderPipelineResources/DefaultLookDevProfile.asset
  artifactKey: Guid(254c4fe87beb7be4fa72e1681edbed02) Importer(815301076,1909f56bfc062723c751e8b465ee728b)
Start importing Packages/com.unity.render-pipelines.high-definition/Editor/RenderPipelineResources/DefaultLookDevProfile.asset using Guid(254c4fe87beb7be4fa72e1681edbed02) Importer(815301076,1909f56bfc062723c751e8b465ee728b)  -> (artifact id: 'c2d17781e3a4c6481a866fdc17197d68') in 0.059337 seconds 
========================================================================
Received Import Request.
  Time since last request: 0.000567 seconds.
  path: Packages/com.unity.render-pipelines.high-definition/Editor/SceneTemplates/IndoorsDXR/DXR Settings Profile.asset
  artifactKey: Guid(ccdaf44d23fad9b4e864f8ed9cc711f9) Importer(815301076,1909f56bfc062723c751e8b465ee728b)
Start importing Packages/com.unity.render-pipelines.high-definition/Editor/SceneTemplates/IndoorsDXR/DXR Settings Profile.asset using Guid(ccdaf44d23fad9b4e864f8ed9cc711f9) Importer(815301076,1909f56bfc062723c751e8b465ee728b)  -> (artifact id: 'ebfa9fd871a361aae9352181bf1a586e') in 0.066185 seconds 
========================================================================
Received Import Request.
  Time since last request: 0.000724 seconds.
  path: Packages/com.unity.render-pipelines.high-definition/Editor/SceneTemplates/Indoors/Sky and Fog Settings Profile.asset
  artifactKey: Guid(f1e2cc38998412b4196e54731593f665) Importer(815301076,1909f56bfc062723c751e8b465ee728b)
Start importing Packages/com.unity.render-pipelines.high-definition/Editor/SceneTemplates/Indoors/Sky and Fog Settings Profile.asset using Guid(f1e2cc38998412b4196e54731593f665) Importer(815301076,1909f56bfc062723c751e8b465ee728b)  -> (artifact id: '7076df9ca9f29fe03ebba6a9ed604670') in 0.137026 seconds 
========================================================================
Received Import Request.
  Time since last request: 0.000515 seconds.
  path: Packages/com.unity.render-pipelines.high-definition/Editor/RenderPipelineResources/DefaultSettingsVolumeProfile.asset
  artifactKey: Guid(f940a8037e6cda542891dc1aac1fa4e8) Importer(815301076,1909f56bfc062723c751e8b465ee728b)
Start importing Packages/com.unity.render-pipelines.high-definition/Editor/RenderPipelineResources/DefaultSettingsVolumeProfile.asset using Guid(f940a8037e6cda542891dc1aac1fa4e8) Importer(815301076,1909f56bfc062723c751e8b465ee728b)  -> (artifact id: 'ff3cf8036efcc6c5f1a46a9fea61e62e') in 0.070449 seconds 
========================================================================
Received Import Request.
  Time since last request: 0.000441 seconds.
  path: Packages/com.unity.render-pipelines.high-definition/Editor/SceneTemplates/Outdoors/Sky and Fog Settings Profile.asset
  artifactKey: Guid(274ed3d2d52027d4a96b38fff65dd32e) Importer(815301076,1909f56bfc062723c751e8b465ee728b)
Start importing Packages/com.unity.render-pipelines.high-definition/Editor/SceneTemplates/Outdoors/Sky and Fog Settings Profile.asset using Guid(274ed3d2d52027d4a96b38fff65dd32e) Importer(815301076,1909f56bfc062723c751e8b465ee728b)  -> (artifact id: '7b1b28bc3973209a35ba6c90b9f59af3') in 0.049225 seconds 
========================================================================
Received Import Request.
  Time since last request: 0.000447 seconds.
  path: Packages/com.unity.render-pipelines.high-definition/Editor/SceneTemplates/OutdoorsDXR/Sky and Fog Settings Profile.asset
  artifactKey: Guid(902eabda182d3f24f8feba509c47cebe) Importer(815301076,1909f56bfc062723c751e8b465ee728b)
Start importing Packages/com.unity.render-pipelines.high-definition/Editor/SceneTemplates/OutdoorsDXR/Sky and Fog Settings Profile.asset using Guid(902eabda182d3f24f8feba509c47cebe) Importer(815301076,1909f56bfc062723c751e8b465ee728b)  -> (artifact id: '03bf5c6fb8b9619bed688f037ea7b294') in 0.024336 seconds 
========================================================================
Received Import Request.
  Time since last request: 0.000433 seconds.
  path: Packages/com.unity.render-pipelines.high-definition/Editor/SceneTemplates/IndoorsDXR/Sky and Fog Settings Profile.asset
  artifactKey: Guid(94bebb84b0cc4e5488ebd84b0548f912) Importer(815301076,1909f56bfc062723c751e8b465ee728b)
Start importing Packages/com.unity.render-pipelines.high-definition/Editor/SceneTemplates/IndoorsDXR/Sky and Fog Settings Profile.asset using Guid(94bebb84b0cc4e5488ebd84b0548f912) Importer(815301076,1909f56bfc062723c751e8b465ee728b)  -> (artifact id: 'c6050df823576158f8914ddc6d4f1a91') in 0.020827 seconds 
========================================================================
Received Import Request.
  Time since last request: 0.000904 seconds.
  path: Packages/com.unity.render-pipelines.high-definition/Editor/SceneTemplates/OutdoorsDXR/DXR Settings Profile.asset
  artifactKey: Guid(cbe82249cb113134c8c0c91461d5f7ee) Importer(815301076,1909f56bfc062723c751e8b465ee728b)
Start importing Packages/com.unity.render-pipelines.high-definition/Editor/SceneTemplates/OutdoorsDXR/DXR Settings Profile.asset using Guid(cbe82249cb113134c8c0c91461d5f7ee) Importer(815301076,1909f56bfc062723c751e8b465ee728b)  -> (artifact id: 'dc028dfb01fac752df70d1bd718686fe') in 0.026064 seconds 
========================================================================
Received Import Request.
  Time since last request: 109.343893 seconds.
  path: Assets/HDRPDefaultResources/DefaultVolumeSettingsProfile.asset
  artifactKey: Guid(d87d69ac60b9c524ebd2bf00ac90702d) Importer(815301076,1909f56bfc062723c751e8b465ee728b)
Start importing Assets/HDRPDefaultResources/DefaultVolumeSettingsProfile.asset using Guid(d87d69ac60b9c524ebd2bf00ac90702d) Importer(815301076,1909f56bfc062723c751e8b465ee728b)  -> (artifact id: '72b7bb8d691a49b84b8bca30cbae0467') in 0.031760 seconds 
========================================================================
Received Import Request.
  Time since last request: 35.385306 seconds.
  path: Assets/HDRPDefaultResources/DefaultVolumeSettingsProfile.asset
  artifactKey: Guid(d87d69ac60b9c524ebd2bf00ac90702d) Importer(815301076,1909f56bfc062723c751e8b465ee728b)
Start importing Assets/HDRPDefaultResources/DefaultVolumeSettingsProfile.asset using Guid(d87d69ac60b9c524ebd2bf00ac90702d) Importer(815301076,1909f56bfc062723c751e8b465ee728b)  -> (artifact id: 'f69c19af60045ae7b3e63a22b0a83d5f') in 0.028686 seconds 
